Mobile/android/app/build/intermediates/manifest_merge_blame_file/debug/manifest-merger-blame-debug-report.txt
1<?xml version="1.0" encoding="utf-8"?>
2<manifest xmlns:android="http://schemas.android.com/apk/res/android"
3    package="com.rodrigojuniorj.FrontCode"
4    android:versionCode="1"
5    android:versionName="1.0.0" >
6
7    <uses-sdk
8        android:minSdkVersion="21"
9        android:targetSdkVersion="31" />
10
11    <uses-permission android:name="android.permission.SYSTEM_ALERT_WINDOW" />
11-->src\main\AndroidManifest.xml:4:3-75
11-->src\main\AndroidManifest.xml:4:20-73
12    <uses-permission android:name="android.permission.INTERNET" />
12-->src\main\AndroidManifest.xml:2:3-64
12-->src\main\AndroidManifest.xml:2:20-62
13    <uses-permission android:name="android.permission.READ_EXTERNAL_STORAGE" />
13-->src\main\AndroidManifest.xml:3:3-77
13-->src\main\AndroidManifest.xml:3:20-75
14    <uses-permission android:name="android.permission.VIBRATE" />
14-->src\main\AndroidManifest.xml:5:3-63
14-->src\main\AndroidManifest.xml:5:20-61
15    <uses-permission android:name="android.permission.WRITE_EXTERNAL_STORAGE" />
15-->src\main\AndroidManifest.xml:6:3-78
15-->src\main\AndroidManifest.xml:6:20-76
16
17    <queries>
17-->src\main\AndroidManifest.xml:7:3-13:13
18        <intent>
18-->src\main\AndroidManifest.xml:8:5-12:14
19            <action android:name="android.intent.action.VIEW" />
19-->src\main\AndroidManifest.xml:9:7-58
19-->src\main\AndroidManifest.xml:9:15-56
20
21            <category android:name="android.intent.category.BROWSABLE" />
21-->src\main\AndroidManifest.xml:10:7-67
21-->src\main\AndroidManifest.xml:10:17-65
22
23            <data android:scheme="https" />
23-->src\main\AndroidManifest.xml:11:7-37
23-->src\main\AndroidManifest.xml:11:13-35
24        </intent>
25        <!-- Query open documents -->
26        <intent>
26-->[:expo-file-system] AndroidManifest.xml:17:9-19:18
27            <action android:name="android.intent.action.OPEN_DOCUMENT_TREE" />
27-->[:expo-file-system] AndroidManifest.xml:18:13-79
27-->[:expo-file-system] AndroidManifest.xml:18:21-76
28        </intent>
29    </queries>
30
31    <uses-permission android:name="android.permission.ACCESS_WIFI_STATE" />
31-->[com.facebook.flipper:flipper:0.125.0] AndroidManifest.xml:16:5-76
31-->[com.facebook.flipper:flipper:0.125.0] AndroidManifest.xml:16:22-73
32    <uses-permission android:name="android.permission.ACCESS_NETWORK_STATE" /> <!-- Create a unique permission for your app and use it so only your app can receive your OneSignal messages. -->
32-->[:expo-updates] AndroidManifest.xml:9:5-79
32-->[:expo-updates] AndroidManifest.xml:9:22-76
33    <permission
33-->[com.onesignal:OneSignal:4.8.2] AndroidManifest.xml:7:5-9:47
34        android:name="com.rodrigojuniorj.FrontCode.permission.C2D_MESSAGE"
34-->[com.onesignal:OneSignal:4.8.2] AndroidManifest.xml:8:9-63
35        android:protectionLevel="signature" />
35-->[com.onesignal:OneSignal:4.8.2] AndroidManifest.xml:9:9-44
36
37    <uses-permission android:name="com.rodrigojuniorj.FrontCode.permission.C2D_MESSAGE" /> <!-- OneSignal SDK has runtime checks Android version. -->
37-->[com.onesignal:OneSignal:4.8.2] AndroidManifest.xml:11:5-79
37-->[com.onesignal:OneSignal:4.8.2] AndroidManifest.xml:11:22-76
38    <!-- <uses-sdk tools:overrideLibrary="android.support.customtabs"/> -->
39    <!-- Required runtime permission to display notifications on Android 13 -->
40    <uses-permission android:name="android.permission.POST_NOTIFICATIONS" /> <!-- c2dm RECEIVE are basic requirements for push messages through Google's FCM -->
40-->[com.onesignal:OneSignal:4.8.2] AndroidManifest.xml:16:5-77
40-->[com.onesignal:OneSignal:4.8.2] AndroidManifest.xml:16:22-74
41    <uses-permission android:name="com.google.android.c2dm.permission.RECEIVE" /> <!-- Required, makes sure notifications are delivered on time. -->
41-->[com.onesignal:OneSignal:4.8.2] AndroidManifest.xml:18:5-82
41-->[com.onesignal:OneSignal:4.8.2] AndroidManifest.xml:18:22-79
42    <uses-permission android:name="android.permission.WAKE_LOCK" />
42-->[com.onesignal:OneSignal:4.8.2] AndroidManifest.xml:19:5-68
42-->[com.onesignal:OneSignal:4.8.2] AndroidManifest.xml:19:22-65
43    <!--
44 Use to restore notifications the user hasn't interacted with.
45         They could be missed notifications if the user reboots their device if this isn't in place.
46    -->
47    <uses-permission android:name="android.permission.RECEIVE_BOOT_COMPLETED" /> <!-- START: ShortcutBadger -->
47-->[com.onesignal:OneSignal:4.8.2] AndroidManifest.xml:30:5-81
47-->[com.onesignal:OneSignal:4.8.2] AndroidManifest.xml:30:22-78
48    <!-- Samsung -->
49    <uses-permission android:name="com.sec.android.provider.badge.permission.READ" />
49-->[com.onesignal:OneSignal:4.8.2] AndroidManifest.xml:32:5-86
49-->[com.onesignal:OneSignal:4.8.2] AndroidManifest.xml:32:22-83
50    <uses-permission android:name="com.sec.android.provider.badge.permission.WRITE" /> <!-- HTC -->
50-->[com.onesignal:OneSignal:4.8.2] AndroidManifest.xml:33:5-87
50-->[com.onesignal:OneSignal:4.8.2] AndroidManifest.xml:33:22-84
51    <uses-permission android:name="com.htc.launcher.permission.READ_SETTINGS" />
51-->[com.onesignal:OneSignal:4.8.2] AndroidManifest.xml:34:5-81
51-->[com.onesignal:OneSignal:4.8.2] AndroidManifest.xml:34:22-78
52    <uses-permission android:name="com.htc.launcher.permission.UPDATE_SHORTCUT" /> <!-- Sony -->
52-->[com.onesignal:OneSignal:4.8.2] AndroidManifest.xml:35:5-83
52-->[com.onesignal:OneSignal:4.8.2] AndroidManifest.xml:35:22-80
53    <uses-permission android:name="com.sonyericsson.home.permission.BROADCAST_BADGE" />
53-->[com.onesignal:OneSignal:4.8.2] AndroidManifest.xml:36:5-88
53-->[com.onesignal:OneSignal:4.8.2] AndroidManifest.xml:36:22-85
54    <uses-permission android:name="com.sonymobile.home.permission.PROVIDER_INSERT_BADGE" /> <!-- Apex -->
54-->[com.onesignal:OneSignal:4.8.2] AndroidManifest.xml:37:5-92
54-->[com.onesignal:OneSignal:4.8.2] AndroidManifest.xml:37:22-89
55    <uses-permission android:name="com.anddoes.launcher.permission.UPDATE_COUNT" /> <!-- Solid -->
55-->[com.onesignal:OneSignal:4.8.2] AndroidManifest.xml:38:5-84
55-->[com.onesignal:OneSignal:4.8.2] AndroidManifest.xml:38:22-81
56    <uses-permission android:name="com.majeur.launcher.permission.UPDATE_BADGE" /> <!-- Huawei -->
56-->[com.onesignal:OneSignal:4.8.2] AndroidManifest.xml:39:5-83
56-->[com.onesignal:OneSignal:4.8.2] AndroidManifest.xml:39:22-80
57    <uses-permission android:name="com.huawei.android.launcher.permission.CHANGE_BADGE" />
57-->[com.onesignal:OneSignal:4.8.2] AndroidManifest.xml:40:5-91
57-->[com.onesignal:OneSignal:4.8.2] AndroidManifest.xml:40:22-88
58    <uses-permission android:name="com.huawei.android.launcher.permission.READ_SETTINGS" />
58-->[com.onesignal:OneSignal:4.8.2] AndroidManifest.xml:41:5-92
58-->[com.onesignal:OneSignal:4.8.2] AndroidManifest.xml:41:22-89
59    <uses-permission android:name="com.huawei.android.launcher.permission.WRITE_SETTINGS" /> <!-- ZUK -->
59-->[com.onesignal:OneSignal:4.8.2] AndroidManifest.xml:42:5-93
59-->[com.onesignal:OneSignal:4.8.2] AndroidManifest.xml:42:22-90
60    <uses-permission android:name="android.permission.READ_APP_BADGE" /> <!-- OPPO -->
60-->[com.onesignal:OneSignal:4.8.2] AndroidManifest.xml:43:5-73
60-->[com.onesignal:OneSignal:4.8.2] AndroidManifest.xml:43:22-70
61    <uses-permission android:name="com.oppo.launcher.permission.READ_SETTINGS" />
61-->[com.onesignal:OneSignal:4.8.2] AndroidManifest.xml:44:5-82
61-->[com.onesignal:OneSignal:4.8.2] AndroidManifest.xml:44:22-79
62    <uses-permission android:name="com.oppo.launcher.permission.WRITE_SETTINGS" /> <!-- EvMe -->
62-->[com.onesignal:OneSignal:4.8.2] AndroidManifest.xml:45:5-83
62-->[com.onesignal:OneSignal:4.8.2] AndroidManifest.xml:45:22-80
63    <uses-permission android:name="me.everything.badger.permission.BADGE_COUNT_READ" />
63-->[com.onesignal:OneSignal:4.8.2] AndroidManifest.xml:46:5-88
63-->[com.onesignal:OneSignal:4.8.2] AndroidManifest.xml:46:22-85
64    <uses-permission android:name="me.everything.badger.permission.BADGE_COUNT_WRITE" />
64-->[com.onesignal:OneSignal:4.8.2] AndroidManifest.xml:47:5-89
64-->[com.onesignal:OneSignal:4.8.2] AndroidManifest.xml:47:22-86
65    <uses-permission android:name="android.permission.FOREGROUND_SERVICE" />
65-->[androidx.work:work-runtime:2.7.1] AndroidManifest.xml:28:5-77
65-->[androidx.work:work-runtime:2.7.1] AndroidManifest.xml:28:22-74
66    <uses-permission android:name="com.google.android.finsky.permission.BIND_GET_INSTALL_REFERRER_SERVICE" />
66-->[com.android.installreferrer:installreferrer:1.0] AndroidManifest.xml:9:5-110
66-->[com.android.installreferrer:installreferrer:1.0] AndroidManifest.xml:9:22-107
67
68    <application
68-->src\main\AndroidManifest.xml:14:3-34:17
69        android:name="com.rodrigojuniorj.FrontCode.MainApplication"
69-->src\main\AndroidManifest.xml:14:16-47
70        android:allowBackup="true"
70-->src\main\AndroidManifest.xml:14:116-142
71        android:appComponentFactory="androidx.core.app.CoreComponentFactory"
71-->[androidx.core:core:1.7.0] AndroidManifest.xml:24:18-86
72        android:debuggable="true"
73        android:icon="@mipmap/ic_launcher"
73-->src\main\AndroidManifest.xml:14:81-115
74        android:label="@string/app_name"
74-->src\main\AndroidManifest.xml:14:48-80
75        android:roundIcon="@mipmap/ic_launcher_round"
75-->src\main\AndroidManifest.xml:14:211-256
76        android:theme="@style/AppTheme"
76-->src\main\AndroidManifest.xml:14:143-174
77        android:usesCleartextTraffic="true" >
77-->src\main\AndroidManifest.xml:14:175-210
78        <meta-data
78-->src\main\AndroidManifest.xml:15:5-82
79            android:name="expo.modules.updates.ENABLED"
79-->src\main\AndroidManifest.xml:15:16-59
80            android:value="true" />
80-->src\main\AndroidManifest.xml:15:60-80
81        <meta-data
81-->src\main\AndroidManifest.xml:16:5-93
82            android:name="expo.modules.updates.EXPO_SDK_VERSION"
82-->src\main\AndroidManifest.xml:16:16-68
83            android:value="46.0.0" />
83-->src\main\AndroidManifest.xml:16:69-91
84        <meta-data
84-->src\main\AndroidManifest.xml:17:5-105
85            android:name="expo.modules.updates.EXPO_UPDATES_CHECK_ON_LAUNCH"
85-->src\main\AndroidManifest.xml:17:16-80
86            android:value="ALWAYS" />
86-->src\main\AndroidManifest.xml:17:81-103
87        <meta-data
87-->src\main\AndroidManifest.xml:18:5-99
88            android:name="expo.modules.updates.EXPO_UPDATES_LAUNCH_WAIT_MS"
88-->src\main\AndroidManifest.xml:18:16-79
89            android:value="0" />
89-->src\main\AndroidManifest.xml:18:80-97
90        <meta-data
90-->src\main\AndroidManifest.xml:19:5-128
91            android:name="expo.modules.updates.EXPO_UPDATE_URL"
91-->src\main\AndroidManifest.xml:19:16-67
92            android:value="https://exp.host/@rodrigojuniorj/FrontCode" />
92-->src\main\AndroidManifest.xml:19:68-126
93
94        <activity
94-->src\main\AndroidManifest.xml:20:5-32:16
95            android:name="com.rodrigojuniorj.FrontCode.MainActivity"
95-->src\main\AndroidManifest.xml:20:15-43
96            android:configChanges="keyboard|keyboardHidden|orientation|screenSize|uiMode"
96-->src\main\AndroidManifest.xml:20:77-154
97            android:exported="true"
97-->src\main\AndroidManifest.xml:20:276-299
98            android:label="@string/app_name"
98-->src\main\AndroidManifest.xml:20:44-76
99            android:launchMode="singleTask"
99-->src\main\AndroidManifest.xml:20:155-186
100            android:theme="@style/Theme.App.SplashScreen"
100-->src\main\AndroidManifest.xml:20:230-275
101            android:windowSoftInputMode="adjustResize" >
101-->src\main\AndroidManifest.xml:20:187-229
102            <intent-filter>
102-->src\main\AndroidManifest.xml:21:7-24:23
103                <action android:name="android.intent.action.MAIN" />
103-->src\main\AndroidManifest.xml:22:9-60
103-->src\main\AndroidManifest.xml:22:17-58
104
105                <category android:name="android.intent.category.LAUNCHER" />
105-->src\main\AndroidManifest.xml:23:9-68
105-->src\main\AndroidManifest.xml:23:19-66
106            </intent-filter>
107            <intent-filter>
107-->src\main\AndroidManifest.xml:25:7-31:23
108                <action android:name="android.intent.action.VIEW" />
108-->src\main\AndroidManifest.xml:9:7-58
108-->src\main\AndroidManifest.xml:9:15-56
109
110                <category android:name="android.intent.category.DEFAULT" />
110-->src\main\AndroidManifest.xml:27:9-67
110-->src\main\AndroidManifest.xml:27:19-65
111                <category android:name="android.intent.category.BROWSABLE" />
111-->src\main\AndroidManifest.xml:10:7-67
111-->src\main\AndroidManifest.xml:10:17-65
112
113                <data android:scheme="com.rodrigojuniorj.mobile" />
113-->src\main\AndroidManifest.xml:11:7-37
113-->src\main\AndroidManifest.xml:11:13-35
114                <data android:scheme="com.rodrigojuniorj.FrontCode" />
114-->src\main\AndroidManifest.xml:11:7-37
114-->src\main\AndroidManifest.xml:11:13-35
115            </intent-filter>
116        </activity>
117        <activity
117-->src\main\AndroidManifest.xml:33:5-106
118            android:name="com.facebook.react.devsupport.DevSettingsActivity"
118-->src\main\AndroidManifest.xml:33:15-79
119            android:exported="false" />
119-->src\main\AndroidManifest.xml:33:80-104
120
121        <provider
121-->[:expo-file-system] AndroidManifest.xml:23:9-32:20
122            android:name="expo.modules.filesystem.FileSystemFileProvider"
122-->[:expo-file-system] AndroidManifest.xml:24:13-74
123            android:authorities="com.rodrigojuniorj.FrontCode.FileSystemFileProvider"
123-->[:expo-file-system] AndroidManifest.xml:25:13-74
124            android:exported="false"
124-->[:expo-file-system] AndroidManifest.xml:26:13-37
125            android:grantUriPermissions="true" >
125-->[:expo-file-system] AndroidManifest.xml:27:13-47
126            <meta-data
126-->[:expo-file-system] AndroidManifest.xml:29:13-31:70
127                android:name="android.support.FILE_PROVIDER_PATHS"
127-->[:expo-file-system] AndroidManifest.xml:30:17-67
128                android:resource="@xml/file_system_provider_paths" />
128-->[:expo-file-system] AndroidManifest.xml:31:17-67
129        </provider>
130
131        <meta-data
131-->[:expo-modules-core] AndroidManifest.xml:10:9-12:89
132            android:name="org.unimodules.core.AppLoader#react-native-headless"
132-->[:expo-modules-core] AndroidManifest.xml:11:13-79
133            android:value="expo.modules.adapters.react.apploader.RNHeadlessAppLoader" />
133-->[:expo-modules-core] AndroidManifest.xml:12:13-86
134
135        <receiver
135-->[com.onesignal:OneSignal:4.8.2] AndroidManifest.xml:50:9-61:20
136            android:name="com.onesignal.FCMBroadcastReceiver"
136-->[com.onesignal:OneSignal:4.8.2] AndroidManifest.xml:51:13-62
137            android:exported="true"
137-->[com.onesignal:OneSignal:4.8.2] AndroidManifest.xml:52:13-36
138            android:permission="com.google.android.c2dm.permission.SEND" >
138-->[com.onesignal:OneSignal:4.8.2] AndroidManifest.xml:53:13-73
139
140            <!-- High priority so OneSignal payloads can be filtered from other FCM receivers -->
141            <intent-filter android:priority="999" >
141-->[com.onesignal:OneSignal:4.8.2] AndroidManifest.xml:56:13-60:29
141-->[com.onesignal:OneSignal:4.8.2] AndroidManifest.xml:56:28-50
142                <action android:name="com.google.android.c2dm.intent.RECEIVE" />
142-->[com.onesignal:OneSignal:4.8.2] AndroidManifest.xml:57:17-81
142-->[com.onesignal:OneSignal:4.8.2] AndroidManifest.xml:57:25-78
143
144                <category android:name="com.rodrigojuniorj.FrontCode" />
144-->[com.onesignal:OneSignal:4.8.2] AndroidManifest.xml:59:17-61
144-->[com.onesignal:OneSignal:4.8.2] AndroidManifest.xml:59:27-58
145            </intent-filter>
146        </receiver>
147
148        <service
148-->[com.onesignal:OneSignal:4.8.2] AndroidManifest.xml:63:9-69:19
149            android:name="com.onesignal.HmsMessageServiceOneSignal"
149-->[com.onesignal:OneSignal:4.8.2] AndroidManifest.xml:64:13-68
150            android:exported="false" >
150-->[com.onesignal:OneSignal:4.8.2] AndroidManifest.xml:65:13-37
151            <intent-filter>
151-->[com.onesignal:OneSignal:4.8.2] AndroidManifest.xml:66:13-68:29
152                <action android:name="com.huawei.push.action.MESSAGING_EVENT" />
152-->[com.onesignal:OneSignal:4.8.2] AndroidManifest.xml:67:17-81
152-->[com.onesignal:OneSignal:4.8.2] AndroidManifest.xml:67:25-78
153            </intent-filter>
154        </service>
155
156        <activity
156-->[com.onesignal:OneSignal:4.8.2] AndroidManifest.xml:71:9-79:20
157            android:name="com.onesignal.NotificationOpenedActivityHMS"
157-->[com.onesignal:OneSignal:4.8.2] AndroidManifest.xml:72:13-71
158            android:exported="true"
158-->[com.onesignal:OneSignal:4.8.2] AndroidManifest.xml:73:13-36
159            android:noHistory="true"
159-->[com.onesignal:OneSignal:4.8.2] AndroidManifest.xml:74:13-37
160            android:theme="@android:style/Theme.Translucent.NoTitleBar" >
160-->[com.onesignal:OneSignal:4.8.2] AndroidManifest.xml:75:13-72
161            <intent-filter>
161-->[com.onesignal:OneSignal:4.8.2] AndroidManifest.xml:76:13-78:29
162                <action android:name="android.intent.action.VIEW" />
162-->src\main\AndroidManifest.xml:9:7-58
162-->src\main\AndroidManifest.xml:9:15-56
163            </intent-filter>
164        </activity>
165
166        <service
166-->[com.onesignal:OneSignal:4.8.2] AndroidManifest.xml:81:9-83:40
167            android:name="com.onesignal.FCMIntentService"
167-->[com.onesignal:OneSignal:4.8.2] AndroidManifest.xml:82:13-58
168            android:exported="false" />
168-->[com.onesignal:OneSignal:4.8.2] AndroidManifest.xml:83:13-37
169        <service
169-->[com.onesignal:OneSignal:4.8.2] AndroidManifest.xml:84:9-87:72
170            android:name="com.onesignal.FCMIntentJobService"
170-->[com.onesignal:OneSignal:4.8.2] AndroidManifest.xml:85:13-61
171            android:exported="false"
171-->[com.onesignal:OneSignal:4.8.2] AndroidManifest.xml:86:13-37
172            android:permission="android.permission.BIND_JOB_SERVICE" />
172-->[com.onesignal:OneSignal:4.8.2] AndroidManifest.xml:87:13-69
173        <service
173-->[com.onesignal:OneSignal:4.8.2] AndroidManifest.xml:88:9-91:43
174            android:name="com.onesignal.SyncService"
174-->[com.onesignal:OneSignal:4.8.2] AndroidManifest.xml:89:13-53
175            android:exported="false"
175-->[com.onesignal:OneSignal:4.8.2] AndroidManifest.xml:90:13-37
176            android:stopWithTask="true" />
176-->[com.onesignal:OneSignal:4.8.2] AndroidManifest.xml:91:13-40
177        <service
177-->[com.onesignal:OneSignal:4.8.2] AndroidManifest.xml:92:9-95:72
178            android:name="com.onesignal.SyncJobService"
178-->[com.onesignal:OneSignal:4.8.2] AndroidManifest.xml:93:13-56
179            android:exported="false"
179-->[com.onesignal:OneSignal:4.8.2] AndroidManifest.xml:94:13-37
180            android:permission="android.permission.BIND_JOB_SERVICE" />
180-->[com.onesignal:OneSignal:4.8.2] AndroidManifest.xml:95:13-69
181
182        <activity
182-->[com.onesignal:OneSignal:4.8.2] AndroidManifest.xml:97:9-100:75
183            android:name="com.onesignal.PermissionsActivity"
183-->[com.onesignal:OneSignal:4.8.2] AndroidManifest.xml:98:13-61
184            android:exported="false"
184-->[com.onesignal:OneSignal:4.8.2] AndroidManifest.xml:99:13-37
185            android:theme="@android:style/Theme.Translucent.NoTitleBar" />
185-->[com.onesignal:OneSignal:4.8.2] AndroidManifest.xml:100:13-72
186
187        <receiver
187-->[com.onesignal:OneSignal:4.8.2] AndroidManifest.xml:102:9-104:39
188            android:name="com.onesignal.NotificationDismissReceiver"
188-->[com.onesignal:OneSignal:4.8.2] AndroidManifest.xml:103:13-69
189            android:exported="true" />
189-->[com.onesignal:OneSignal:4.8.2] AndroidManifest.xml:104:13-36
190        <receiver
190-->[com.onesignal:OneSignal:4.8.2] AndroidManifest.xml:105:9-112:20
191            android:name="com.onesignal.BootUpReceiver"
191-->[com.onesignal:OneSignal:4.8.2] AndroidManifest.xml:106:13-56
192            android:exported="true" >
192-->[com.onesignal:OneSignal:4.8.2] AndroidManifest.xml:107:13-36
193            <intent-filter>
193-->[com.onesignal:OneSignal:4.8.2] AndroidManifest.xml:108:13-111:29
194                <action android:name="android.intent.action.BOOT_COMPLETED" />
194-->[com.onesignal:OneSignal:4.8.2] AndroidManifest.xml:109:17-79
194-->[com.onesignal:OneSignal:4.8.2] AndroidManifest.xml:109:25-76
195                <action android:name="android.intent.action.QUICKBOOT_POWERON" />
195-->[com.onesignal:OneSignal:4.8.2] AndroidManifest.xml:110:17-82
195-->[com.onesignal:OneSignal:4.8.2] AndroidManifest.xml:110:25-79
196            </intent-filter>
197        </receiver>
198        <receiver
198-->[com.onesignal:OneSignal:4.8.2] AndroidManifest.xml:113:9-119:20
199            android:name="com.onesignal.UpgradeReceiver"
199-->[com.onesignal:OneSignal:4.8.2] AndroidManifest.xml:114:13-57
200            android:exported="true" >
200-->[com.onesignal:OneSignal:4.8.2] AndroidManifest.xml:115:13-36
201            <intent-filter>
201-->[com.onesignal:OneSignal:4.8.2] AndroidManifest.xml:116:13-118:29
202                <action android:name="android.intent.action.MY_PACKAGE_REPLACED" />
202-->[com.onesignal:OneSignal:4.8.2] AndroidManifest.xml:117:17-84
202-->[com.onesignal:OneSignal:4.8.2] AndroidManifest.xml:117:25-81
203            </intent-filter>
204        </receiver>
205
206        <activity
206-->[com.onesignal:OneSignal:4.8.2] AndroidManifest.xml:121:9-127:75
207            android:name="com.onesignal.NotificationOpenedReceiver"
207-->[com.onesignal:OneSignal:4.8.2] AndroidManifest.xml:122:13-68
208            android:excludeFromRecents="true"
208-->[com.onesignal:OneSignal:4.8.2] AndroidManifest.xml:123:13-46
209            android:exported="true"
209-->[com.onesignal:OneSignal:4.8.2] AndroidManifest.xml:124:13-36
210            android:noHistory="true"
210-->[com.onesignal:OneSignal:4.8.2] AndroidManifest.xml:125:13-37
211            android:taskAffinity=""
211-->[com.onesignal:OneSignal:4.8.2] AndroidManifest.xml:126:13-36
212            android:theme="@android:style/Theme.Translucent.NoTitleBar" />
212-->[com.onesignal:OneSignal:4.8.2] AndroidManifest.xml:127:13-72
213        <activity
213-->[com.onesignal:OneSignal:4.8.2] AndroidManifest.xml:128:9-133:75
214            android:name="com.onesignal.NotificationOpenedReceiverAndroid22AndOlder"
214-->[com.onesignal:OneSignal:4.8.2] AndroidManifest.xml:129:13-85
215            android:excludeFromRecents="true"
215-->[com.onesignal:OneSignal:4.8.2] AndroidManifest.xml:130:13-46
216            android:exported="true"
216-->[com.onesignal:OneSignal:4.8.2] AndroidManifest.xml:131:13-36
217            android:noHistory="true"
217-->[com.onesignal:OneSignal:4.8.2] AndroidManifest.xml:132:13-37
218            android:theme="@android:style/Theme.Translucent.NoTitleBar" />
218-->[com.onesignal:OneSignal:4.8.2] AndroidManifest.xml:133:13-72
219
220        <provider
220-->[androidx.work:work-runtime:2.7.1] AndroidManifest.xml:31:9-39:20
221            android:name="androidx.startup.InitializationProvider"
221-->[androidx.work:work-runtime:2.7.1] AndroidManifest.xml:32:13-67
222            android:authorities="com.rodrigojuniorj.FrontCode.androidx-startup"
222-->[androidx.work:work-runtime:2.7.1] AndroidManifest.xml:33:13-68
223            android:exported="false" >
223-->[androidx.work:work-runtime:2.7.1] AndroidManifest.xml:34:13-37
224            <meta-data
224-->[androidx.work:work-runtime:2.7.1] AndroidManifest.xml:36:13-38:52
225                android:name="androidx.work.WorkManagerInitializer"
225-->[androidx.work:work-runtime:2.7.1] AndroidManifest.xml:37:17-68
226                android:value="androidx.startup" />
226-->[androidx.work:work-runtime:2.7.1] AndroidManifest.xml:38:17-49
227            <meta-data
227-->[androidx.emoji2:emoji2:1.0.0] AndroidManifest.xml:31:13-33:52
228                android:name="androidx.emoji2.text.EmojiCompatInitializer"
228-->[androidx.emoji2:emoji2:1.0.0] AndroidManifest.xml:32:17-75
229                android:value="androidx.startup" />
229-->[androidx.emoji2:emoji2:1.0.0] AndroidManifest.xml:33:17-49
230            <meta-data
230-->[androidx.lifecycle:lifecycle-process:2.4.0] AndroidManifest.xml:31:13-33:52
231                android:name="androidx.lifecycle.ProcessLifecycleInitializer"
231-->[androidx.lifecycle:lifecycle-process:2.4.0] AndroidManifest.xml:32:17-78
232                android:value="androidx.startup" />
232-->[androidx.lifecycle:lifecycle-process:2.4.0] AndroidManifest.xml:33:17-49
233        </provider>
234
235        <service
235-->[androidx.work:work-runtime:2.7.1] AndroidManifest.xml:41:9-46:35
236            android:name="androidx.work.impl.background.systemalarm.SystemAlarmService"
236-->[androidx.work:work-runtime:2.7.1] AndroidManifest.xml:42:13-88
237            android:directBootAware="false"
237-->[androidx.work:work-runtime:2.7.1] AndroidManifest.xml:43:13-44
238            android:enabled="@bool/enable_system_alarm_service_default"
238-->[androidx.work:work-runtime:2.7.1] AndroidManifest.xml:44:13-72
239            android:exported="false" />
239-->[androidx.work:work-runtime:2.7.1] AndroidManifest.xml:45:13-37
240        <service
240-->[androidx.work:work-runtime:2.7.1] AndroidManifest.xml:47:9-53:35
241            android:name="androidx.work.impl.background.systemjob.SystemJobService"
241-->[androidx.work:work-runtime:2.7.1] AndroidManifest.xml:48:13-84
242            android:directBootAware="false"
242-->[androidx.work:work-runtime:2.7.1] AndroidManifest.xml:49:13-44
243            android:enabled="@bool/enable_system_job_service_default"
243-->[androidx.work:work-runtime:2.7.1] AndroidManifest.xml:50:13-70
244            android:exported="true"
244-->[androidx.work:work-runtime:2.7.1] AndroidManifest.xml:51:13-36
245            android:permission="android.permission.BIND_JOB_SERVICE" />
245-->[androidx.work:work-runtime:2.7.1] AndroidManifest.xml:52:13-69
246        <service
246-->[androidx.work:work-runtime:2.7.1] AndroidManifest.xml:54:9-59:35
247            android:name="androidx.work.impl.foreground.SystemForegroundService"
247-->[androidx.work:work-runtime:2.7.1] AndroidManifest.xml:55:13-81
248            android:directBootAware="false"
248-->[androidx.work:work-runtime:2.7.1] AndroidManifest.xml:56:13-44
249            android:enabled="@bool/enable_system_foreground_service_default"
249-->[androidx.work:work-runtime:2.7.1] AndroidManifest.xml:57:13-77
250            android:exported="false" />
250-->[androidx.work:work-runtime:2.7.1] AndroidManifest.xml:58:13-37
251
252        <receiver
252-->[androidx.work:work-runtime:2.7.1] AndroidManifest.xml:61:9-66:35
253            android:name="androidx.work.impl.utils.ForceStopRunnable$BroadcastReceiver"
253-->[androidx.work:work-runtime:2.7.1] AndroidManifest.xml:62:13-88
254            android:directBootAware="false"
254-->[androidx.work:work-runtime:2.7.1] AndroidManifest.xml:63:13-44
255            android:enabled="true"
255-->[androidx.work:work-runtime:2.7.1] AndroidManifest.xml:64:13-35
256            android:exported="false" />
256-->[androidx.work:work-runtime:2.7.1] AndroidManifest.xml:65:13-37
257        <receiver
257-->[androidx.work:work-runtime:2.7.1] AndroidManifest.xml:67:9-77:20
258            android:name="androidx.work.impl.background.systemalarm.ConstraintProxy$BatteryChargingProxy"
258-->[androidx.work:work-runtime:2.7.1] AndroidManifest.xml:68:13-106
259            android:directBootAware="false"
259-->[androidx.work:work-runtime:2.7.1] AndroidManifest.xml:69:13-44
260            android:enabled="false"
260-->[androidx.work:work-runtime:2.7.1] AndroidManifest.xml:70:13-36
261            android:exported="false" >
261-->[androidx.work:work-runtime:2.7.1] AndroidManifest.xml:71:13-37
262            <intent-filter>
262-->[androidx.work:work-runtime:2.7.1] AndroidManifest.xml:73:13-76:29
263                <action android:name="android.intent.action.ACTION_POWER_CONNECTED" />
263-->[androidx.work:work-runtime:2.7.1] AndroidManifest.xml:74:17-87
263-->[androidx.work:work-runtime:2.7.1] AndroidManifest.xml:74:25-84
264                <action android:name="android.intent.action.ACTION_POWER_DISCONNECTED" />
264-->[androidx.work:work-runtime:2.7.1] AndroidManifest.xml:75:17-90
264-->[androidx.work:work-runtime:2.7.1] AndroidManifest.xml:75:25-87
265            </intent-filter>
266        </receiver>
267        <receiver
267-->[androidx.work:work-runtime:2.7.1] AndroidManifest.xml:78:9-88:20
268            android:name="androidx.work.impl.background.systemalarm.ConstraintProxy$BatteryNotLowProxy"
268-->[androidx.work:work-runtime:2.7.1] AndroidManifest.xml:79:13-104
269            android:directBootAware="false"
269-->[androidx.work:work-runtime:2.7.1] AndroidManifest.xml:80:13-44
270            android:enabled="false"
270-->[androidx.work:work-runtime:2.7.1] AndroidManifest.xml:81:13-36
271            android:exported="false" >
271-->[androidx.work:work-runtime:2.7.1] AndroidManifest.xml:82:13-37
272            <intent-filter>
272-->[androidx.work:work-runtime:2.7.1] AndroidManifest.xml:84:13-87:29
273                <action android:name="android.intent.action.BATTERY_OKAY" />
273-->[androidx.work:work-runtime:2.7.1] AndroidManifest.xml:85:17-77
273-->[androidx.work:work-runtime:2.7.1] AndroidManifest.xml:85:25-74
274                <action android:name="android.intent.action.BATTERY_LOW" />
274-->[androidx.work:work-runtime:2.7.1] AndroidManifest.xml:86:17-76
274-->[androidx.work:work-runtime:2.7.1] AndroidManifest.xml:86:25-73
275            </intent-filter>
276        </receiver>
277        <receiver